 INFO  db_logger : (0.000274s) SET standard_conforming_strings = ON
 INFO  db_logger : (0.000159s) SET client_min_messages = 'WARNING'
 INFO  db_logger : (0.000194s) SET DateStyle = 'ISO'
ERROR  db_logger : PG::UndefinedTable: ERROR:  relation "products" does not exist
LINE 1: SELECT * FROM "products"
                      ^: SELECT * FROM "products"
 INFO  db_logger : (0.000279s) SET standard_conforming_strings = ON
 INFO  db_logger : (0.000159s) SET client_min_messages = 'WARNING'
 INFO  db_logger : (0.000129s) SET DateStyle = 'ISO'
 INFO  db_logger : (0.000748s) SELECT * FROM "products"
 INFO  db_logger : (0.000313s) SET standard_conforming_strings = ON
 INFO  db_logger : (0.000126s) SET client_min_messages = 'WARNING'
 INFO  db_logger : (0.000109s) SET DateStyle = 'ISO'
 INFO  db_logger : (0.000704s) SELECT * FROM "products"
 INFO  db_logger : (0.000268s) SET standard_conforming_strings = ON
 INFO  db_logger : (0.000153s) SET client_min_messages = 'WARNING'
 INFO  db_logger : (0.000146s) SET DateStyle = 'ISO'
 INFO  db_logger : (0.000758s) SELECT * FROM "products"
 INFO  db_logger : (0.000292s) SET standard_conforming_strings = ON
 INFO  db_logger : (0.000162s) SET client_min_messages = 'WARNING'
 INFO  db_logger : (0.000169s) SET DateStyle = 'ISO'
 INFO  db_logger : (0.000777s) SELECT * FROM "products"
 INFO  db_logger : (0.000389s) SET standard_conforming_strings = ON
 INFO  db_logger : (0.000176s) SET client_min_messages = 'WARNING'
 INFO  db_logger : (0.000130s) SET DateStyle = 'ISO'
 INFO  db_logger : (0.020783s) SELECT * FROM "products"
 INFO  db_logger : (0.000269s) SET standard_conforming_strings = ON
 INFO  db_logger : (0.000140s) SET client_min_messages = 'WARNING'
 INFO  db_logger : (0.000109s) SET DateStyle = 'ISO'
 INFO  db_logger : (0.000642s) SELECT * FROM "products"
 INFO  db_logger : (0.003170s) UPDATE "products" SET "price" = 819 WHERE ("id" = 1)
 INFO  db_logger : (0.001138s) UPDATE "products" SET "price" = 5290 WHERE ("id" = 2)
 INFO  db_logger : (0.001396s) UPDATE "products" SET "price" = 4371 WHERE ("id" = 3)
 INFO  db_logger : (0.000312s) SET standard_conforming_strings = ON
 INFO  db_logger : (0.000191s) SET client_min_messages = 'WARNING'
 INFO  db_logger : (0.000169s) SET DateStyle = 'ISO'
 INFO  db_logger : (0.000762s) SELECT * FROM "products"
 INFO  db_logger : (0.001548s) SELECT pg_attribute.attname AS pk FROM pg_class, pg_attribute, pg_index, pg_namespace WHERE pg_class.oid = pg_attribute.attrelid AND pg_class.relnamespace = pg_namespace.oid AND pg_class.oid = pg_index.indrelid AND pg_index.indkey[0] = pg_attribute.attnum AND pg_index.indisprimary = 't' AND pg_class.oid = CAST(CAST('"prices"' AS regclass) AS oid)
 INFO  db_logger : (0.000921s) INSERT INTO "prices" ("product_id", "price") VALUES (1, 819) RETURNING "id"
 INFO  db_logger : (0.001079s) INSERT INTO "prices" ("product_id", "price") VALUES (2, 3229) RETURNING "id"
 INFO  db_logger : (0.001277s) INSERT INTO "prices" ("product_id", "price") VALUES (3, 4371) RETURNING "id"
 INFO  db_logger : (0.000311s) SET standard_conforming_strings = ON
 INFO  db_logger : (0.000228s) SET client_min_messages = 'WARNING'
 INFO  db_logger : (0.000162s) SET DateStyle = 'ISO'
 INFO  db_logger : (0.000789s) SELECT * FROM "products"
 INFO  db_logger : (0.001812s) SELECT pg_attribute.attname AS pk FROM pg_class, pg_attribute, pg_index, pg_namespace WHERE pg_class.oid = pg_attribute.attrelid AND pg_class.relnamespace = pg_namespace.oid AND pg_class.oid = pg_index.indrelid AND pg_index.indkey[0] = pg_attribute.attnum AND pg_index.indisprimary = 't' AND pg_class.oid = CAST(CAST('"prices"' AS regclass) AS oid)
 INFO  db_logger : (0.012591s) INSERT INTO "prices" ("product_id", "price", "created_at", "updated_at") VALUES (1, 819, '2015-06-30 22:40:46.637637+0300', '2015-06-30 22:40:46.637668+0300') RETURNING "id"
 INFO  db_logger : (0.001286s) INSERT INTO "prices" ("product_id", "price", "created_at", "updated_at") VALUES (2, 3229, '2015-06-30 22:40:47.167875+0300', '2015-06-30 22:40:47.167880+0300') RETURNING "id"
 INFO  db_logger : (0.001318s) INSERT INTO "prices" ("product_id", "price", "created_at", "updated_at") VALUES (3, 4371, '2015-06-30 22:40:48.126868+0300', '2015-06-30 22:40:48.126875+0300') RETURNING "id"
 INFO  db_logger : (0.000292s) SET standard_conforming_strings = ON
 INFO  db_logger : (0.000166s) SET client_min_messages = 'WARNING'
 INFO  db_logger : (0.000170s) SET DateStyle = 'ISO'
 INFO  db_logger : (0.000813s) SELECT * FROM "products"
 INFO  db_logger : (0.001566s) SELECT pg_attribute.attname AS pk FROM pg_class, pg_attribute, pg_index, pg_namespace WHERE pg_class.oid = pg_attribute.attrelid AND pg_class.relnamespace = pg_namespace.oid AND pg_class.oid = pg_index.indrelid AND pg_index.indkey[0] = pg_attribute.attnum AND pg_index.indisprimary = 't' AND pg_class.oid = CAST(CAST('"prices"' AS regclass) AS oid)
 INFO  db_logger : (0.005577s) INSERT INTO "prices" ("product_id", "price", "created_at", "updated_at") VALUES (1, 819, '2015-07-01 00:26:49.958343+0300', '2015-07-01 00:26:49.958362+0300') RETURNING "id"
 INFO  db_logger : (0.001228s) INSERT INTO "prices" ("product_id", "price", "created_at", "updated_at") VALUES (2, 3229, '2015-07-01 00:26:50.330815+0300', '2015-07-01 00:26:50.330820+0300') RETURNING "id"
 INFO  db_logger : (0.001178s) INSERT INTO "prices" ("product_id", "price", "created_at", "updated_at") VALUES (3, 4371, '2015-07-01 00:26:51.626147+0300', '2015-07-01 00:26:51.626154+0300') RETURNING "id"
 INFO  db_logger : (0.001277s) INSERT INTO "prices" ("product_id", "price", "created_at", "updated_at") VALUES (4, 1117, '2015-07-01 00:26:52.205768+0300', '2015-07-01 00:26:52.205776+0300') RETURNING "id"
 INFO  db_logger : (0.033429s) SET standard_conforming_strings = ON
 INFO  db_logger : (0.005583s) SET client_min_messages = 'WARNING'
 INFO  db_logger : (0.023071s) SET DateStyle = 'ISO'
 INFO  db_logger : (0.017179s) SELECT * FROM "products"
 INFO  db_logger : (0.000294s) SET standard_conforming_strings = ON
 INFO  db_logger : (0.000169s) SET client_min_messages = 'WARNING'
 INFO  db_logger : (0.000142s) SET DateStyle = 'ISO'
 INFO  db_logger : (0.000666s) SELECT * FROM "products"
 INFO  db_logger : (0.000259s) SET standard_conforming_strings = ON
 INFO  db_logger : (0.000168s) SET client_min_messages = 'WARNING'
 INFO  db_logger : (0.000178s) SET DateStyle = 'ISO'
 INFO  db_logger : (0.000709s) SELECT * FROM "products"
 INFO  db_logger : (0.000259s) SET standard_conforming_strings = ON
 INFO  db_logger : (0.000139s) SET client_min_messages = 'WARNING'
 INFO  db_logger : (0.000193s) SET DateStyle = 'ISO'
 INFO  db_logger : (0.000694s) SELECT * FROM "products"
 INFO  db_logger : (0.000284s) SET standard_conforming_strings = ON
 INFO  db_logger : (0.000086s) SET client_min_messages = 'WARNING'
 INFO  db_logger : (0.000194s) SET DateStyle = 'ISO'
 INFO  db_logger : (0.000695s) SELECT * FROM "products"
 INFO  db_logger : Wrong url: test
 INFO  db_logger : Wrong url: blabla
 INFO  db_logger : Wrong url: tamara
 INFO  db_logger : Wrong url: Vasya
 INFO  db_logger : Wrong url: Bagulechka
 INFO  db_logger : (0.001537s) SET standard_conforming_strings = ON
 INFO  db_logger : (0.005514s) SET client_min_messages = 'WARNING'
 INFO  db_logger : (0.012485s) SET DateStyle = 'ISO'
 INFO  db_logger : (0.007482s) SELECT * FROM "products"
 INFO  db_logger : Getting description for http://www.ozon.ru/context/detail/id/4928180/
 INFO  db_logger : (0.000241s) SET standard_conforming_strings = ON
 INFO  db_logger : (0.000197s) SET client_min_messages = 'WARNING'
 INFO  db_logger : (0.000144s) SET DateStyle = 'ISO'
 INFO  db_logger : (0.000736s) SELECT * FROM "products"
 INFO  db_logger : Getting description for http://www.ozon.ru/context/detail/id/4928180/
 INFO  db_logger : (0.000261s) SET standard_conforming_strings = ON
 INFO  db_logger : (0.000147s) SET client_min_messages = 'WARNING'
 INFO  db_logger : (0.000161s) SET DateStyle = 'ISO'
 INFO  db_logger : (0.000712s) SELECT * FROM "products"
 INFO  db_logger : Getting description for http://www.ozon.ru/context/detail/id/4928180/
 INFO  db_logger : (0.001925s) UPDATE "products" SET "description" = 'Persepolis' WHERE ("id" = 36)
 INFO  db_logger : (0.025077s) SELECT pg_attribute.attname AS pk FROM pg_class, pg_attribute, pg_index, pg_namespace WHERE pg_class.oid = pg_attribute.attrelid AND pg_class.relnamespace = pg_namespace.oid AND pg_class.oid = pg_index.indrelid AND pg_index.indkey[0] = pg_attribute.attnum AND pg_index.indisprimary = 't' AND pg_class.oid = CAST(CAST('"prices"' AS regclass) AS oid)
 INFO  db_logger : (0.003890s) INSERT INTO "prices" ("product_id", "price", "created_at", "updated_at") VALUES (36, 434, '2015-07-15 00:13:17.780106+0300', '2015-07-15 00:13:17.780526+0300') RETURNING "id"
 INFO  db_logger : (0.000302s) SET standard_conforming_strings = ON
 INFO  db_logger : (0.000149s) SET client_min_messages = 'WARNING'
 INFO  db_logger : (0.000211s) SET DateStyle = 'ISO'
 INFO  db_logger : (0.000934s) SELECT * FROM "products"
 INFO  db_logger : (0.001441s) SELECT pg_attribute.attname AS pk FROM pg_class, pg_attribute, pg_index, pg_namespace WHERE pg_class.oid = pg_attribute.attrelid AND pg_class.relnamespace = pg_namespace.oid AND pg_class.oid = pg_index.indrelid AND pg_index.indkey[0] = pg_attribute.attnum AND pg_index.indisprimary = 't' AND pg_class.oid = CAST(CAST('"prices"' AS regclass) AS oid)
 INFO  db_logger : (0.004985s) INSERT INTO "prices" ("product_id", "price", "created_at", "updated_at") VALUES (36, 434, '2015-07-15 00:15:15.249666+0300', '2015-07-15 00:15:15.249687+0300') RETURNING "id"
 INFO  db_logger : Getting description for http://www.ozon.ru/context/detail/id/2470679/
 INFO  db_logger : (0.002122s) UPDATE "products" SET "description" = '1000 шедевров европейской живописи' WHERE ("id" = 37)
 INFO  db_logger : (0.000503s) INSERT INTO "prices" ("product_id", "price", "created_at", "updated_at") VALUES (37, 1824, '2015-07-15 00:15:16.635591+0300', '2015-07-15 00:15:16.635595+0300') RETURNING "id"
 INFO  db_logger : (0.000263s) SET standard_conforming_strings = ON
 INFO  db_logger : (0.000114s) SET client_min_messages = 'WARNING'
 INFO  db_logger : (0.000099s) SET DateStyle = 'ISO'
 INFO  db_logger : (0.000734s) SELECT * FROM "products"
 INFO  db_logger : (0.001682s) SELECT pg_attribute.attname AS pk FROM pg_class, pg_attribute, pg_index, pg_namespace WHERE pg_class.oid = pg_attribute.attrelid AND pg_class.relnamespace = pg_namespace.oid AND pg_class.oid = pg_index.indrelid AND pg_index.indkey[0] = pg_attribute.attnum AND pg_index.indisprimary = 't' AND pg_class.oid = CAST(CAST('"prices"' AS regclass) AS oid)
 INFO  db_logger : (0.005480s) INSERT INTO "prices" ("product_id", "price", "created_at", "updated_at") VALUES (36, 434, '2015-07-15 00:40:54.312676+0300', '2015-07-15 00:40:54.312700+0300') RETURNING "id"
 INFO  db_logger : (0.001252s) INSERT INTO "prices" ("product_id", "price", "created_at", "updated_at") VALUES (37, 1824, '2015-07-15 00:40:54.789475+0300', '2015-07-15 00:40:54.789480+0300') RETURNING "id"
 INFO  db_logger : Getting description for http://www.ozon.ru/context/detail/id/23155471/
 INFO  db_logger : (0.001381s) UPDATE "products" SET "description" = '650 фильмов, изменивших мир' WHERE ("id" = 38)
 INFO  db_logger : (0.000601s) INSERT INTO "prices" ("product_id", "price", "created_at", "updated_at") VALUES (38, 1043, '2015-07-15 00:40:55.261044+0300', '2015-07-15 00:40:55.261048+0300') RETURNING "id"
 INFO  db_logger : (0.000273s) SET standard_conforming_strings = ON
 INFO  db_logger : (0.000170s) SET client_min_messages = 'WARNING'
 INFO  db_logger : (0.000157s) SET DateStyle = 'ISO'
 INFO  db_logger : (0.001012s) SELECT * FROM "products"
 INFO  db_logger : (0.007754s) SELECT pg_attribute.attname AS pk FROM pg_class, pg_attribute, pg_index, pg_namespace WHERE pg_class.oid = pg_attribute.attrelid AND pg_class.relnamespace = pg_namespace.oid AND pg_class.oid = pg_index.indrelid AND pg_index.indkey[0] = pg_attribute.attnum AND pg_index.indisprimary = 't' AND pg_class.oid = CAST(CAST('"prices"' AS regclass) AS oid)
 INFO  db_logger : (0.002809s) INSERT INTO "prices" ("product_id", "price", "created_at", "updated_at") VALUES (36, 434, '2015-07-16 22:19:25.351149+0300', '2015-07-16 22:19:25.351172+0300') RETURNING "id"
 INFO  db_logger : (0.001046s) INSERT INTO "prices" ("product_id", "price", "created_at", "updated_at") VALUES (37, 1824, '2015-07-16 22:19:25.918693+0300', '2015-07-16 22:19:25.918700+0300') RETURNING "id"
 INFO  db_logger : (0.001010s) INSERT INTO "prices" ("product_id", "price", "created_at", "updated_at") VALUES (38, 756, '2015-07-16 22:19:26.513278+0300', '2015-07-16 22:19:26.513287+0300') RETURNING "id"
 INFO  db_logger : (0.000262s) SET standard_conforming_strings = ON
 INFO  db_logger : (0.000124s) SET client_min_messages = 'WARNING'
 INFO  db_logger : (0.000116s) SET DateStyle = 'ISO'
 INFO  db_logger : (0.000776s) SELECT * FROM "products"
 INFO  db_logger : (0.007049s) SELECT pg_attribute.attname AS pk FROM pg_class, pg_attribute, pg_index, pg_namespace WHERE pg_class.oid = pg_attribute.attrelid AND pg_class.relnamespace = pg_namespace.oid AND pg_class.oid = pg_index.indrelid AND pg_index.indkey[0] = pg_attribute.attnum AND pg_index.indisprimary = 't' AND pg_class.oid = CAST(CAST('"prices"' AS regclass) AS oid)
 INFO  db_logger : (0.001604s) INSERT INTO "prices" ("product_id", "price", "created_at", "updated_at") VALUES (36, 434, '2015-07-16 22:50:59.303984+0300', '2015-07-16 22:50:59.304007+0300') RETURNING "id"
 INFO  db_logger : (0.001062s) INSERT INTO "prices" ("product_id", "price", "created_at", "updated_at") VALUES (37, 1824, '2015-07-16 22:50:59.757137+0300', '2015-07-16 22:50:59.757143+0300') RETURNING "id"
 INFO  db_logger : (0.001039s) INSERT INTO "prices" ("product_id", "price", "created_at", "updated_at") VALUES (38, 756, '2015-07-16 22:51:00.680155+0300', '2015-07-16 22:51:00.680163+0300') RETURNING "id"
 INFO  db_logger : (0.000261s) SET standard_conforming_strings = ON
 INFO  db_logger : (0.000109s) SET client_min_messages = 'WARNING'
 INFO  db_logger : (0.000122s) SET DateStyle = 'ISO'
 INFO  db_logger : (0.000732s) SELECT * FROM "products"
 INFO  db_logger : (0.001396s) SELECT pg_attribute.attname AS pk FROM pg_class, pg_attribute, pg_index, pg_namespace WHERE pg_class.oid = pg_attribute.attrelid AND pg_class.relnamespace = pg_namespace.oid AND pg_class.oid = pg_index.indrelid AND pg_index.indkey[0] = pg_attribute.attnum AND pg_index.indisprimary = 't' AND pg_class.oid = CAST(CAST('"prices"' AS regclass) AS oid)
 INFO  db_logger : (0.007322s) INSERT INTO "prices" ("product_id", "price", "created_at", "updated_at") VALUES (36, 434, '2015-07-16 22:56:06.139010+0300', '2015-07-16 22:56:06.139035+0300') RETURNING "id"
 INFO  db_logger : (0.000981s) INSERT INTO "prices" ("product_id", "price", "created_at", "updated_at") VALUES (37, 1824, '2015-07-16 22:56:07.752910+0300', '2015-07-16 22:56:07.752917+0300') RETURNING "id"
 INFO  db_logger : (0.001042s) INSERT INTO "prices" ("product_id", "price", "created_at", "updated_at") VALUES (38, 756, '2015-07-16 22:56:08.374292+0300', '2015-07-16 22:56:08.374299+0300') RETURNING "id"
 INFO  db_logger : (0.000281s) SET standard_conforming_strings = ON
 INFO  db_logger : (0.000127s) SET client_min_messages = 'WARNING'
 INFO  db_logger : (0.000201s) SET DateStyle = 'ISO'
 INFO  db_logger : (0.000742s) SELECT * FROM "products"
 INFO  db_logger : (0.002681s) SELECT pg_attribute.attname AS pk FROM pg_class, pg_attribute, pg_index, pg_namespace WHERE pg_class.oid = pg_attribute.attrelid AND pg_class.relnamespace = pg_namespace.oid AND pg_class.oid = pg_index.indrelid AND pg_index.indkey[0] = pg_attribute.attnum AND pg_index.indisprimary = 't' AND pg_class.oid = CAST(CAST('"prices"' AS regclass) AS oid)
 INFO  db_logger : (0.000684s) INSERT INTO "prices" ("product_id", "price", "created_at", "updated_at") VALUES (36, 434, '2015-07-16 22:58:09.553132+0300', '2015-07-16 22:58:09.553158+0300') RETURNING "id"
 INFO  db_logger : (0.001070s) INSERT INTO "prices" ("product_id", "price", "created_at", "updated_at") VALUES (37, 1824, '2015-07-16 22:58:10.090082+0300', '2015-07-16 22:58:10.090091+0300') RETURNING "id"
 INFO  db_logger : (0.001090s) INSERT INTO "prices" ("product_id", "price", "created_at", "updated_at") VALUES (38, 756, '2015-07-16 22:58:11.215636+0300', '2015-07-16 22:58:11.215642+0300') RETURNING "id"
 INFO  db_logger : (0.000290s) SET standard_conforming_strings = ON
 INFO  db_logger : (0.000125s) SET client_min_messages = 'WARNING'
 INFO  db_logger : (0.000098s) SET DateStyle = 'ISO'
 INFO  db_logger : (0.000741s) SELECT * FROM "products"
 INFO  db_logger : (0.000284s) SET standard_conforming_strings = ON
 INFO  db_logger : (0.000131s) SET client_min_messages = 'WARNING'
 INFO  db_logger : (0.000164s) SET DateStyle = 'ISO'
 INFO  db_logger : (0.000724s) SELECT * FROM "products"
 INFO  db_logger : (0.000256s) SET standard_conforming_strings = ON
 INFO  db_logger : (0.000138s) SET client_min_messages = 'WARNING'
 INFO  db_logger : (0.000126s) SET DateStyle = 'ISO'
 INFO  db_logger : (0.000750s) SELECT * FROM "products"
 INFO  db_logger : (0.000245s) SET standard_conforming_strings = ON
 INFO  db_logger : (0.000117s) SET client_min_messages = 'WARNING'
 INFO  db_logger : (0.000116s) SET DateStyle = 'ISO'
 INFO  db_logger : (0.000690s) SELECT * FROM "products"
 INFO  db_logger : (0.000299s) SET standard_conforming_strings = ON
 INFO  db_logger : (0.000171s) SET client_min_messages = 'WARNING'
 INFO  db_logger : (0.000138s) SET DateStyle = 'ISO'
 INFO  db_logger : (0.000800s) SELECT * FROM "products"
 INFO  db_logger : (0.004916s) SELECT pg_attribute.attname AS pk FROM pg_class, pg_attribute, pg_index, pg_namespace WHERE pg_class.oid = pg_attribute.attrelid AND pg_class.relnamespace = pg_namespace.oid AND pg_class.oid = pg_index.indrelid AND pg_index.indkey[0] = pg_attribute.attnum AND pg_index.indisprimary = 't' AND pg_class.oid = CAST(CAST('"prices"' AS regclass) AS oid)
 INFO  db_logger : (0.013778s) INSERT INTO "prices" ("product_id", "price", "created_at", "updated_at") VALUES (36, 434, '2015-07-16 23:29:00.835298+0300', '2015-07-16 23:29:00.835348+0300') RETURNING "id"
 INFO  db_logger : (0.001429s) INSERT INTO "prices" ("product_id", "price", "created_at", "updated_at") VALUES (37, 1824, '2015-07-16 23:29:05.226091+0300', '2015-07-16 23:29:05.226111+0300') RETURNING "id"
 INFO  db_logger : (0.000423s) INSERT INTO "prices" ("product_id", "price", "created_at", "updated_at") VALUES (38, 756, '2015-07-16 23:29:10.448103+0300', '2015-07-16 23:29:10.448109+0300') RETURNING "id"
 INFO  db_logger : (0.000269s) SET standard_conforming_strings = ON
 INFO  db_logger : (0.000130s) SET client_min_messages = 'WARNING'
 INFO  db_logger : (0.000146s) SET DateStyle = 'ISO'
 INFO  db_logger : (0.000880s) SELECT * FROM "products"
 INFO  db_logger : (0.001435s) SELECT pg_attribute.attname AS pk FROM pg_class, pg_attribute, pg_index, pg_namespace WHERE pg_class.oid = pg_attribute.attrelid AND pg_class.relnamespace = pg_namespace.oid AND pg_class.oid = pg_index.indrelid AND pg_index.indkey[0] = pg_attribute.attnum AND pg_index.indisprimary = 't' AND pg_class.oid = CAST(CAST('"prices"' AS regclass) AS oid)
 INFO  db_logger : (0.005271s) INSERT INTO "prices" ("product_id", "price", "created_at", "updated_at") VALUES (36, 434, '2015-07-16 23:31:07.804323+0300', '2015-07-16 23:31:07.804346+0300') RETURNING "id"
 INFO  db_logger : (0.001013s) INSERT INTO "prices" ("product_id", "price", "created_at", "updated_at") VALUES (37, 1824, '2015-07-16 23:31:08.775226+0300', '2015-07-16 23:31:08.775232+0300') RETURNING "id"
 INFO  db_logger : (0.001031s) INSERT INTO "prices" ("product_id", "price", "created_at", "updated_at") VALUES (38, 756, '2015-07-16 23:31:09.393292+0300', '2015-07-16 23:31:09.393299+0300') RETURNING "id"
 INFO  db_logger : (0.000264s) SET standard_conforming_strings = ON
 INFO  db_logger : (0.000108s) SET client_min_messages = 'WARNING'
 INFO  db_logger : (0.000128s) SET DateStyle = 'ISO'
 INFO  db_logger : (0.000889s) SELECT * FROM "products"
 INFO  db_logger : (0.000270s) SET standard_conforming_strings = ON
 INFO  db_logger : (0.000125s) SET client_min_messages = 'WARNING'
 INFO  db_logger : (0.000122s) SET DateStyle = 'ISO'
 INFO  db_logger : (0.001005s) SELECT * FROM "products"
 INFO  db_logger : (0.003739s) SELECT pg_attribute.attname AS pk FROM pg_class, pg_attribute, pg_index, pg_namespace WHERE pg_class.oid = pg_attribute.attrelid AND pg_class.relnamespace = pg_namespace.oid AND pg_class.oid = pg_index.indrelid AND pg_index.indkey[0] = pg_attribute.attnum AND pg_index.indisprimary = 't' AND pg_class.oid = CAST(CAST('"prices"' AS regclass) AS oid)
 INFO  db_logger : (0.013491s) INSERT INTO "prices" ("product_id", "price", "created_at", "updated_at") VALUES (36, 434, '2015-07-17 21:55:26.705728+0300', '2015-07-17 21:55:26.705754+0300') RETURNING "id"
 INFO  db_logger : (0.001638s) INSERT INTO "prices" ("product_id", "price", "created_at", "updated_at") VALUES (37, 1824, '2015-07-17 21:55:54.159098+0300', '2015-07-17 21:55:54.159106+0300') RETURNING "id"
 INFO  db_logger : (0.001092s) INSERT INTO "prices" ("product_id", "price", "created_at", "updated_at") VALUES (38, 756, '2015-07-17 21:55:57.708355+0300', '2015-07-17 21:55:57.708363+0300') RETURNING "id"
 INFO  db_logger : (0.030812s) SET standard_conforming_strings = ON
 INFO  db_logger : (0.000545s) SET client_min_messages = 'WARNING'
 INFO  db_logger : (0.000595s) SET DateStyle = 'ISO'
 INFO  db_logger : (0.023473s) SELECT * FROM "products"
 INFO  db_logger : (0.034585s) SELECT pg_attribute.attname AS pk FROM pg_class, pg_attribute, pg_index, pg_namespace WHERE pg_class.oid = pg_attribute.attrelid AND pg_class.relnamespace = pg_namespace.oid AND pg_class.oid = pg_index.indrelid AND pg_index.indkey[0] = pg_attribute.attnum AND pg_index.indisprimary = 't' AND pg_class.oid = CAST(CAST('"prices"' AS regclass) AS oid)
 INFO  db_logger : (0.032322s) INSERT INTO "prices" ("product_id", "price", "created_at", "updated_at") VALUES (36, 868, '2015-07-28 23:06:45.656107+0300', '2015-07-28 23:06:45.656127+0300') RETURNING "id"
 INFO  db_logger : (0.001197s) INSERT INTO "prices" ("product_id", "price", "created_at", "updated_at") VALUES (37, 1824, '2015-07-28 23:06:46.288772+0300', '2015-07-28 23:06:46.288778+0300') RETURNING "id"
 INFO  db_logger : (0.001164s) INSERT INTO "prices" ("product_id", "price", "created_at", "updated_at") VALUES (38, 753, '2015-07-28 23:06:46.839548+0300', '2015-07-28 23:06:46.839554+0300') RETURNING "id"
 INFO  db_logger : Getting description for http://www.ozon.ru/context/detail/id/17913166/
 INFO  db_logger : (0.001259s) UPDATE "products" SET "description" = 'Геометрия. 10-11 классы. Учебник' WHERE ("id" = 39)
 INFO  db_logger : (0.000498s) INSERT INTO "prices" ("product_id", "price", "created_at", "updated_at") VALUES (39, 559, '2015-07-28 23:06:47.468070+0300', '2015-07-28 23:06:47.468076+0300') RETURNING "id"
 INFO  db_logger : (0.000225s) SET standard_conforming_strings = ON
 INFO  db_logger : (0.000173s) SET client_min_messages = 'WARNING'
 INFO  db_logger : (0.000168s) SET DateStyle = 'ISO'
 INFO  db_logger : (0.000699s) SELECT * FROM "products"
 INFO  db_logger : (0.001385s) SELECT pg_attribute.attname AS pk FROM pg_class, pg_attribute, pg_index, pg_namespace WHERE pg_class.oid = pg_attribute.attrelid AND pg_class.relnamespace = pg_namespace.oid AND pg_class.oid = pg_index.indrelid AND pg_index.indkey[0] = pg_attribute.attnum AND pg_index.indisprimary = 't' AND pg_class.oid = CAST(CAST('"prices"' AS regclass) AS oid)
 INFO  db_logger : (0.001490s) INSERT INTO "prices" ("product_id", "price", "created_at", "updated_at") VALUES (36, 868, '2015-07-28 23:22:33.508844+0300', '2015-07-28 23:22:33.508860+0300') RETURNING "id"
 INFO  db_logger : (0.001106s) INSERT INTO "prices" ("product_id", "price", "created_at", "updated_at") VALUES (37, 1824, '2015-07-28 23:22:34.083195+0300', '2015-07-28 23:22:34.083200+0300') RETURNING "id"
 INFO  db_logger : (0.001241s) INSERT INTO "prices" ("product_id", "price", "created_at", "updated_at") VALUES (38, 753, '2015-07-28 23:22:34.655164+0300', '2015-07-28 23:22:34.655171+0300') RETURNING "id"
 INFO  db_logger : (0.001229s) INSERT INTO "prices" ("product_id", "price", "created_at", "updated_at") VALUES (39, 559, '2015-07-28 23:22:35.159526+0300', '2015-07-28 23:22:35.159530+0300') RETURNING "id"
 INFO  db_logger : (0.031382s) SET standard_conforming_strings = ON
 INFO  db_logger : (0.005489s) SET client_min_messages = 'WARNING'
 INFO  db_logger : (0.000185s) SET DateStyle = 'ISO'
 INFO  db_logger : (0.048973s) SELECT * FROM "products"
 INFO  db_logger : (0.043107s) SELECT pg_attribute.attname AS pk FROM pg_class, pg_attribute, pg_index, pg_namespace WHERE pg_class.oid = pg_attribute.attrelid AND pg_class.relnamespace = pg_namespace.oid AND pg_class.oid = pg_index.indrelid AND pg_index.indkey[0] = pg_attribute.attnum AND pg_index.indisprimary = 't' AND pg_class.oid = CAST(CAST('"prices"' AS regclass) AS oid)
 INFO  db_logger : (0.033686s) INSERT INTO "prices" ("product_id", "price", "created_at", "updated_at") VALUES (36, 868, '2015-07-31 21:18:32.088059+0300', '2015-07-31 21:18:32.088480+0300') RETURNING "id"
 INFO  db_logger : (0.001158s) INSERT INTO "prices" ("product_id", "price", "created_at", "updated_at") VALUES (37, 1824, '2015-07-31 21:18:32.629070+0300', '2015-07-31 21:18:32.629075+0300') RETURNING "id"
 INFO  db_logger : (0.001270s) INSERT INTO "prices" ("product_id", "price", "created_at", "updated_at") VALUES (38, 753, '2015-07-31 21:18:33.589614+0300', '2015-07-31 21:18:33.589621+0300') RETURNING "id"
 INFO  db_logger : (0.001250s) INSERT INTO "prices" ("product_id", "price", "created_at", "updated_at") VALUES (39, 559, '2015-07-31 21:18:34.137065+0300', '2015-07-31 21:18:34.137072+0300') RETURNING "id"
